<?xml version="1.0" encoding="UTF-8"?>
<!-- Generated by org.testng.reporters.JUnitReportReporter -->
<testsuite skipped="0" hostname="Sumeyras-MBP.home" name="com.mytests.FaceBookTest" tests="2" failures="0" timestamp="11 Jan 2020 19:36:08 GMT" time="48.821" errors="0">
  <testcase name="facebookTitleTest_1" time="23.119" classname="com.mytests.FaceBookTest"/>
  <testcase name="facebookTitleTest_2" time="25.702" classname="com.mytests.FaceBookTest"/>
</testsuite> <!-- com.mytests.FaceBookTest -->
