<?xml version="1.0" encoding="UTF-8"?>
<!-- Generated by org.testng.reporters.JUnitReportReporter -->
<testsuite skipped="0" hostname="Sumeyras-MBP.home" name="com.mytests.GoogleTest" tests="4" failures="0" timestamp="11 Jan 2020 19:36:08 GMT" time="102.109" errors="0">
  <testcase name="googleTitleTest_4" time="23.124" classname="com.mytests.GoogleTest"/>
  <testcase name="googleTitleTest_3" time="25.180" classname="com.mytests.GoogleTest"/>
  <testcase name="googleTitleTest_1" time="27.896" classname="com.mytests.GoogleTest"/>
  <testcase name="googleTitleTest_2" time="25.909" classname="com.mytests.GoogleTest"/>
</testsuite> <!-- com.mytests.GoogleTest -->
